{
  "stats": {
    "suites": 1,
    "tests": 6,
    "passes": 5,
    "pending": 0,
    "failures": 1,
    "start": "2022-05-05T00:11:05.045Z",
    "end": "2022-05-05T00:12:07.326Z",
    "duration": 62281,
    "testsRegistered": 6,
    "passPercent": 83.33333333333334,
    "pendingPercent": 0,
    "other": 0,
    "hasOther": false,
    "skipped": 0,
    "hasSkipped": false
  },
  "results": [
    {
      "uuid": "169d24ae-b24e-4abe-bd5c-6570aead17a8",
      "title": "",
      "fullFile": "cypress/integration/adiciona-produto.spec.js",
      "file": "cypress/integration/adiciona-produto.spec.js",
      "beforeHooks": [],
      "afterHooks": [],
      "tests": [],
      "suites": [
        {
          "uuid": "ccac8fe4-eed6-4ca9-9d32-6839701272a0",
          "title": "Valida produto no carrinho de Compras",
          "fullFile": "",
          "file": "",
          "beforeHooks": [],
          "afterHooks": [],
          "tests": [
            {
              "title": "Dado que eu acesso o site ",
              "fullTitle": "Valida produto no carrinho de Compras Dado que eu acesso o site ",
              "timedOut": null,
              "duration": 22599,
              "state": "passed",
              "speed": "slow",
              "pass": true,
              "fail": false,
              "pending": false,
              "context": null,
              "code": "home.open();",
              "err": {},
              "uuid": "02bec528-9d36-408c-b38d-d72868ec16c2",
              "parentUUID": "ccac8fe4-eed6-4ca9-9d32-6839701272a0",
              "isHook": false,
              "skipped": false
            },
            {
              "title": "E escrevo algo no searchbar ",
              "fullTitle": "Valida produto no carrinho de Compras E escrevo algo no searchbar ",
              "timedOut": null,
              "duration": 1572,
              "state": "passed",
              "speed": "fast",
              "pass": true,
              "fail": false,
              "pending": false,
              "context": null,
              "code": "produto.buscarProduto();",
              "err": {},
              "uuid": "e7901fce-ed2d-49b8-8984-6f53ec90a26d",
              "parentUUID": "ccac8fe4-eed6-4ca9-9d32-6839701272a0",
              "isHook": false,
              "skipped": false
            },
            {
              "title": "E clico em buscar",
              "fullTitle": "Valida produto no carrinho de Compras E clico em buscar",
              "timedOut": null,
              "duration": 26376,
              "state": "passed",
              "speed": "slow",
              "pass": true,
              "fail": false,
              "pending": false,
              "context": null,
              "code": "produto.clickBuscar();",
              "err": {},
              "uuid": "94f5371f-d4d6-4b06-a6d6-0292f237d600",
              "parentUUID": "ccac8fe4-eed6-4ca9-9d32-6839701272a0",
              "isHook": false,
              "skipped": false
            },
            {
              "title": "Quando escolho um produto no resultado de busca",
              "fullTitle": "Valida produto no carrinho de Compras Quando escolho um produto no resultado de busca",
              "timedOut": null,
              "duration": 5601,
              "state": "passed",
              "speed": "medium",
              "pass": true,
              "fail": false,
              "pending": false,
              "context": null,
              "code": "produto.clickProduto();",
              "err": {},
              "uuid": "aabba45a-1197-4d90-b0c6-a79a6b5cd23a",
              "parentUUID": "ccac8fe4-eed6-4ca9-9d32-6839701272a0",
              "isHook": false,
              "skipped": false
            },
            {
              "title": "E clico em comprar",
              "fullTitle": "Valida produto no carrinho de Compras E clico em comprar",
              "timedOut": null,
              "duration": 852,
              "state": "passed",
              "speed": "fast",
              "pass": true,
              "fail": false,
              "pending": false,
              "context": null,
              "code": "carrinho.clickComprar();",
              "err": {},
              "uuid": "f5111ca6-9c98-45dc-aa25-24a695c38d4a",
              "parentUUID": "ccac8fe4-eed6-4ca9-9d32-6839701272a0",
              "isHook": false,
              "skipped": false
            },
            {
              "title": "Chromecast 3 Google CX 1 UN está no carrinho",
              "fullTitle": "Valida produto no carrinho de Compras Chromecast 3 Google CX 1 UN está no carrinho",
              "timedOut": null,
              "duration": 4758,
              "state": "failed",
              "speed": null,
              "pass": false,
              "fail": true,
              "pending": false,
              "context": "{\n  \"title\": \"cypress-mochawesome-reporter-screenshots\",\n  \"value\": [\n    [\n      {\n        \"title\": \"Failed screenshot\",\n        \"value\": \"\\\\adiciona-produto.spec.js\\\\Valida produto no carrinho de Compras -- Chromecast 3 Google CX 1 UN está no carrinho (failed).png\"\n      }\n    ]\n  ]\n}",
              "code": "produto.validaProduto();",
              "err": {
                "message": "AssertionError: Timed out retrying after 4000ms: Expected to find element: `.componentcard__link--product`, but never found it.",
                "estack": "AssertionError: Timed out retrying after 4000ms: Expected to find element: `.componentcard__link--product`, but never found it.\n    at Produto.eval [as validaProduto] (https://www.kalunga.com.br/__cypress/tests?p=cypress\\integration\\adiciona-produto.spec.js:269:67)\n    at Context.eval (https://www.kalunga.com.br/__cypress/tests?p=cypress\\integration\\adiciona-produto.spec.js:170:13)",
                "diff": null
              },
              "uuid": "03d0a2a4-0cf4-4c37-a96c-bb0d0e3215d1",
              "parentUUID": "ccac8fe4-eed6-4ca9-9d32-6839701272a0",
              "isHook": false,
              "skipped": false
            }
          ],
          "suites": [],
          "passes": [
            "02bec528-9d36-408c-b38d-d72868ec16c2",
            "e7901fce-ed2d-49b8-8984-6f53ec90a26d",
            "94f5371f-d4d6-4b06-a6d6-0292f237d600",
            "aabba45a-1197-4d90-b0c6-a79a6b5cd23a",
            "f5111ca6-9c98-45dc-aa25-24a695c38d4a"
          ],
          "failures": [
            "03d0a2a4-0cf4-4c37-a96c-bb0d0e3215d1"
          ],
          "pending": [],
          "skipped": [],
          "duration": 61758,
          "root": false,
          "rootEmpty": false,
          "_timeout": 2000
        }
      ],
      "passes": [],
      "failures": [],
      "pending": [],
      "skipped": [],
      "duration": 0,
      "root": true,
      "rootEmpty": true,
      "_timeout": 2000
    }
  ],
  "meta": {
    "mocha": {
      "version": "7.0.1"
    },
    "mochawesome": {
      "options": {
        "quiet": false,
        "reportFilename": "mochawesome",
        "saveHtml": true,
        "saveJson": true,
        "consoleReporter": "spec",
        "useInlineDiffs": false,
        "code": true
      },
      "version": "7.1.3"
    },
    "marge": {
      "options": {
        "id": "default",
        "reportDir": "cypress/reports/mocha",
        "quite": true,
        "overwrite": false,
        "html": true,
        "json": true
      },
      "version": "6.2.0"
    }
  }
}